<?xml version="1.0" encoding="UTF-8"?>
<testng-results ignored="0" total="2" passed="2" failed="0" skipped="0">
  <reporter-output>
  </reporter-output>
  <suite started-at="2024-03-22T06:52:36 IST" name="Default suite" finished-at="2024-03-22T06:52:55 IST" duration-ms="18852">
    <groups>
    </groups>
    <test started-at="2024-03-22T06:52:36 IST" name="Default test" finished-at="2024-03-22T06:52:55 IST" duration-ms="18852">
      <class name="com.TestPackage.LoginTestCase">
        <test-method is-config="true" signature="setup()[pri:0, instance:com.TestPackage.LoginTestCase@a38c7fe]" started-at="2024-03-22T06:52:36 IST" name="setup" finished-at="2024-03-22T06:52:50 IST" duration-ms="13326" status="PASS">
          <reporter-output>
          </reporter-output>
        </test-method> <!-- setup -->
        <test-method signature="LoginPageLinkTest()[pri:0, instance:com.TestPackage.LoginTestCase@a38c7fe]" started-at="2024-03-22T06:52:50 IST" name="LoginPageLinkTest" finished-at="2024-03-22T06:52:50 IST" duration-ms="348" status="PASS">
          <reporter-output>
          </reporter-output>
        </test-method> <!-- LoginPageLinkTest -->
        <test-method signature="NextOageTitle()[pri:0, instance:com.TestPackage.LoginTestCase@a38c7fe]" started-at="2024-03-22T06:52:50 IST" name="NextOageTitle" finished-at="2024-03-22T06:52:55 IST" duration-ms="5032" status="PASS">
          <reporter-output>
          </reporter-output>
        </test-method> <!-- NextOageTitle -->
        <test-method is-config="true" signature="teardown()[pri:0, instance:com.TestPackage.LoginTestCase@a38c7fe]" started-at="2024-03-22T06:52:55 IST" name="teardown" finished-at="2024-03-22T06:52:55 IST" duration-ms="3" status="PASS">
          <reporter-output>
          </reporter-output>
        </test-method> <!-- teardown -->
      </class> <!-- com.TestPackage.LoginTestCase -->
    </test> <!-- Default test -->
  </suite> <!-- Default suite -->
</testng-results>
